<?xml version="1.0" encoding="UTF-8"?>
<!-- Generated by org.testng.reporters.JUnitReportReporter -->
<testsuite skipped="0" hostname="Jeys-MacBook-Pro.local" name="basepage.Test1" tests="2" failures="0" timestamp="24 Nov 2021 13:54:46 GMT" time="24.174" errors="0">
  <testcase name="totalImages" time="10.199" classname="basepage.Test1"/>
  <testcase name="testnumber_1" time="13.975" classname="basepage.Test1"/>
</testsuite> <!-- basepage.Test1 -->
