<?xml version="1.0" encoding="UTF-8"?>
<!-- Generated by org.testng.reporters.JUnitReportReporter -->
<testsuite hostname="Jeys-MacBook-Pro.local" failures="0" tests="2" name="basepage.Test1" time="25.734" errors="0" timestamp="24 Nov 2021 13:57:23 GMT" skipped="0">
  <testcase classname="basepage.Test1" name="totalImages" time="12.442"/>
  <testcase classname="basepage.Test1" name="testnumber_1" time="13.292"/>
</testsuite> <!-- basepage.Test1 -->
